# JRE version: OpenJDK Runtime Environment (8.0_242-b01) (build 1.8.0_242-release-1644-b01)
# Java VM: OpenJDK 64-Bit Server VM (25.242-b01 mixed mode windows-amd64 compressed oops)
Heap:
 PSYoungGen      total 58880K, used 43408K [0x00000000d5580000, 0x00000000d9a00000, 0x0000000100000000)
  eden space 49664K, 77% used [0x00000000d5580000,0x00000000d7ae7a58,0x00000000d8600000)
  from space 9216K, 55% used [0x00000000d9100000,0x00000000d95fc990,0x00000000d9a00000)
  to   space 10240K, 0% used [0x00000000d8600000,0x00000000d8600000,0x00000000d9000000)
 ParOldGen       total 47104K, used 8254K [0x0000000080000000, 0x0000000082e00000, 0x00000000d5580000)
  object space 47104K, 17% used [0x0000000080000000,0x000000008080f898,0x0000000082e00000)
 Metaspace       used 32304K, capacity 33326K, committed 33456K, reserved 1077248K
  class space    used 4376K, capacity 4668K, committed 4784K, reserved 1048576K
GC Heap History (10 events):
Event: 11.153 GC heap before
{Heap before GC invocations=7 (full 0):
 PSYoungGen      total 43008K, used 11349K [0x00000000d5580000, 0x00000000d8980000, 0x0000000100000000)
  eden space 32768K, 7% used [0x00000000d5580000,0x00000000d5801bd0,0x00000000d7580000)
  from space 10240K, 85% used [0x00000000d7f80000,0x00000000d8813bd8,0x00000000d8980000)
  to   space 5120K, 0% used [0x00000000d7600000,0x00000000d7600000,0x00000000d7b00000)
 ParOldGen       total 87552K, used 7219K [0x0000000080000000, 0x0000000085580000, 0x00000000d5580000)
  object space 87552K, 8% used [0x0000000080000000,0x000000008070cc10,0x0000000085580000)
 Metaspace       used 20557K, capacity 21226K, committed 21296K, reserved 1067008K
  class space    used 2888K, capacity 3097K, committed 3120K, reserved 1048576K
Event: 11.159 GC heap after
Heap after GC invocations=7 (full 0):
 PSYoungGen      total 37888K, used 4522K [0x00000000d5580000, 0x00000000d8980000, 0x0000000100000000)
  eden space 32768K, 0% used [0x00000000d5580000,0x00000000d5580000,0x00000000d7580000)
  from space 5120K, 88% used [0x00000000d7600000,0x00000000d7a6aa90,0x00000000d7b00000)
  to   space 10240K, 0% used [0x00000000d7f80000,0x00000000d7f80000,0x00000000d8980000)
 ParOldGen       total 87552K, used 9539K [0x0000000080000000, 0x0000000085580000, 0x00000000d5580000)
  object space 87552K, 10% used [0x0000000080000000,0x0000000080950c60,0x0000000085580000)
 Metaspace       used 20557K, capacity 21226K, committed 21296K, reserved 1067008K
  class space    used 2888K, capacity 3097K, committed 3120K, reserved 1048576K
}
Event: 11.159 GC heap before
{Heap before GC invocations=8 (full 1):
 PSYoungGen      total 37888K, used 4522K [0x00000000d5580000, 0x00000000d8980000, 0x0000000100000000)
  eden space 32768K, 0% used [0x00000000d5580000,0x00000000d5580000,0x00000000d7580000)
  from space 5120K, 88% used [0x00000000d7600000,0x00000000d7a6aa90,0x00000000d7b00000)
  to   space 10240K, 0% used [0x00000000d7f80000,0x00000000d7f80000,0x00000000d8980000)
 ParOldGen       total 87552K, used 9539K [0x0000000080000000, 0x0000000085580000, 0x00000000d5580000)
  object space 87552K, 10% used [0x0000000080000000,0x0000000080950c60,0x0000000085580000)
 Metaspace       used 20557K, capacity 21226K, committed 21296K, reserved 1067008K
  class space    used 2888K, capacity 3097K, committed 3120K, reserved 1048576K
Event: 11.200 GC heap after
Heap after GC invocations=8 (full 1):
 PSYoungGen      total 37888K, used 0K [0x00000000d5580000, 0x00000000d8980000, 0x0000000100000000)
  eden space 32768K, 0% used [0x00000000d5580000,0x00000000d5580000,0x00000000d7580000)
  from space 5120K, 0% used [0x00000000d7600000,0x00000000d7600000,0x00000000d7b00000)
  to   space 10240K, 0% used [0x00000000d7f80000,0x00000000d7f80000,0x00000000d8980000)
 ParOldGen       total 47104K, used 7577K [0x0000000080000000, 0x0000000082e00000, 0x00000000d5580000)
  object space 47104K, 16% used [0x0000000080000000,0x0000000080766768,0x0000000082e00000)
 Metaspace       used 20557K, capacity 21226K, committed 21296K, reserved 1067008K
  class space    used 2888K, capacity 3097K, committed 3120K, reserved 1048576K
}
Event: 11.726 GC heap before
{Heap before GC invocations=9 (full 1):
 PSYoungGen      total 37888K, used 32768K [0x00000000d5580000, 0x00000000d8980000, 0x0000000100000000)
  eden space 32768K, 100% used [0x00000000d5580000,0x00000000d7580000,0x00000000d7580000)
  from space 5120K, 0% used [0x00000000d7600000,0x00000000d7600000,0x00000000d7b00000)
  to   space 10240K, 0% used [0x00000000d7f80000,0x00000000d7f80000,0x00000000d8980000)
 ParOldGen       total 47104K, used 7577K [0x0000000080000000, 0x0000000082e00000, 0x00000000d5580000)
  object space 47104K, 16% used [0x0000000080000000,0x0000000080766768,0x0000000082e00000)
 Metaspace       used 22426K, capacity 23122K, committed 23472K, reserved 1069056K
  class space    used 3179K, capacity 3387K, committed 3504K, reserved 1048576K
Event: 11.731 GC heap after
Heap after GC invocations=9 (full 1):
 PSYoungGen      total 41984K, used 2707K [0x00000000d5580000, 0x00000000da980000, 0x0000000100000000)
  eden space 31744K, 0% used [0x00000000d5580000,0x00000000d5580000,0x00000000d7480000)
  from space 10240K, 26% used [0x00000000d7f80000,0x00000000d8224fa8,0x00000000d8980000)
  to   space 11264K, 0% used [0x00000000d7480000,0x00000000d7480000,0x00000000d7f80000)
 ParOldGen       total 47104K, used 7585K [0x0000000080000000, 0x0000000082e00000, 0x00000000d5580000)
  object space 47104K, 16% used [0x0000000080000000,0x0000000080768768,0x0000000082e00000)
 Metaspace       used 22426K, capacity 23122K, committed 23472K, reserved 1069056K
  class space    used 3179K, capacity 3387K, committed 3504K, reserved 1048576K
}
Event: 12.655 GC heap before
{Heap before GC invocations=10 (full 1):
 PSYoungGen      total 41984K, used 34451K [0x00000000d5580000, 0x00000000da980000, 0x0000000100000000)
  eden space 31744K, 100% used [0x00000000d5580000,0x00000000d7480000,0x00000000d7480000)
  from space 10240K, 26% used [0x00000000d7f80000,0x00000000d8224fa8,0x00000000d8980000)
  to   space 11264K, 0% used [0x00000000d7480000,0x00000000d7480000,0x00000000d7f80000)
 ParOldGen       total 47104K, used 7585K [0x0000000080000000, 0x0000000082e00000, 0x00000000d5580000)
  object space 47104K, 16% used [0x0000000080000000,0x0000000080768768,0x0000000082e00000)
 Metaspace       used 28031K, capacity 28748K, committed 28976K, reserved 1075200K
  class space    used 3871K, capacity 4107K, committed 4144K, reserved 1048576K
Event: 12.668 GC heap after
Heap after GC invocations=10 (full 1):
 PSYoungGen      total 43008K, used 6060K [0x00000000d5580000, 0x00000000d9b80000, 0x0000000100000000)
  eden space 31744K, 0% used [0x00000000d5580000,0x00000000d5580000,0x00000000d7480000)
  from space 11264K, 53% used [0x00000000d7480000,0x00000000d7a6b1f8,0x00000000d7f80000)
  to   space 10752K, 0% used [0x00000000d9100000,0x00000000d9100000,0x00000000d9b80000)
 ParOldGen       total 47104K, used 7593K [0x0000000080000000, 0x0000000082e00000, 0x00000000d5580000)
  object space 47104K, 16% used [0x0000000080000000,0x000000008076a768,0x0000000082e00000)
 Metaspace       used 28031K, capacity 28748K, committed 28976K, reserved 1075200K
  class space    used 3871K, capacity 4107K, committed 4144K, reserved 1048576K
}
Event: 13.265 GC heap before
{Heap before GC invocations=11 (full 1):
 PSYoungGen      total 43008K, used 37804K [0x00000000d5580000, 0x00000000d9b80000, 0x0000000100000000)
  eden space 31744K, 100% used [0x00000000d5580000,0x00000000d7480000,0x00000000d7480000)
  from space 11264K, 53% used [0x00000000d7480000,0x00000000d7a6b1f8,0x00000000d7f80000)
  to   space 10752K, 0% used [0x00000000d9100000,0x00000000d9100000,0x00000000d9b80000)
 ParOldGen       total 47104K, used 7593K [0x0000000080000000, 0x0000000082e00000, 0x00000000d5580000)
  object space 47104K, 16% used [0x0000000080000000,0x000000008076a768,0x0000000082e00000)
 Metaspace       used 30662K, capacity 31476K, committed 31792K, reserved 1077248K
  class space    used 4131K, capacity 4373K, committed 4400K, reserved 1048576K
Event: 13.272 GC heap after
Heap after GC invocations=11 (full 1):
 PSYoungGen      total 58880K, used 5106K [0x00000000d5580000, 0x00000000d9a00000, 0x0000000100000000)
  eden space 49664K, 0% used [0x00000000d5580000,0x00000000d5580000,0x00000000d8600000)
  from space 9216K, 55% used [0x00000000d9100000,0x00000000d95fc990,0x00000000d9a00000)
  to   space 10240K, 0% used [0x00000000d8600000,0x00000000d8600000,0x00000000d9000000)
 ParOldGen       total 47104K, used 8254K [0x0000000080000000, 0x0000000082e00000, 0x00000000d5580000)
  object space 47104K, 17% used [0x0000000080000000,0x000000008080f898,0x0000000082e00000)
 Metaspace       used 30662K, capacity 31476K, committed 31792K, reserved 1077248K
  class space    used 4131K, capacity 4373K, committed 4400K, reserved 1048576K
}

