# JRE version: OpenJDK Runtime Environment (8.0_242-b01) (build 1.8.0_242-release-1644-b01)
# Java VM: OpenJDK 64-Bit Server VM (25.242-b01 mixed mode windows-amd64 compressed oops)
Heap:
 PSYoungGen      total 52736K, used 14864K [0x00000000d5580000, 0x00000000d9380000, 0x0000000100000000)
  eden space 41984K, 27% used [0x00000000d5580000,0x00000000d6099db8,0x00000000d7e80000)
  from space 10752K, 32% used [0x00000000d7e80000,0x00000000d81ea518,0x00000000d8900000)
  to   space 10240K, 0% used [0x00000000d8980000,0x00000000d8980000,0x00000000d9380000)
 ParOldGen       total 49664K, used 13585K [0x0000000080000000, 0x0000000083080000, 0x00000000d5580000)
  object space 49664K, 27% used [0x0000000080000000,0x0000000080d444e8,0x0000000083080000)
 Metaspace       used 32647K, capacity 33650K, committed 33968K, reserved 1079296K
  class space    used 4426K, capacity 4672K, committed 4784K, reserved 1048576K
GC Heap History (10 events):
Event: 10.050 GC heap before
{Heap before GC invocations=8 (full 1):
 PSYoungGen      total 38400K, used 3792K [0x00000000d5580000, 0x00000000d8000000, 0x0000000100000000)
  eden space 33280K, 0% used [0x00000000d5580000,0x00000000d5580000,0x00000000d7600000)
  from space 5120K, 74% used [0x00000000d7600000,0x00000000d79b4040,0x00000000d7b00000)
  to   space 5120K, 0% used [0x00000000d7b00000,0x00000000d7b00000,0x00000000d8000000)
 ParOldGen       total 87552K, used 12653K [0x0000000080000000, 0x0000000085580000, 0x00000000d5580000)
  object space 87552K, 14% used [0x0000000080000000,0x0000000080c5b6d0,0x0000000085580000)
 Metaspace       used 20567K, capacity 21230K, committed 21296K, reserved 1067008K
  class space    used 2888K, capacity 3097K, committed 3120K, reserved 1048576K
Event: 10.101 GC heap after
Heap after GC invocations=8 (full 1):
 PSYoungGen      total 38400K, used 0K [0x00000000d5580000, 0x00000000d8000000, 0x0000000100000000)
  eden space 33280K, 0% used [0x00000000d5580000,0x00000000d5580000,0x00000000d7600000)
  from space 5120K, 0% used [0x00000000d7600000,0x00000000d7600000,0x00000000d7b00000)
  to   space 5120K, 0% used [0x00000000d7b00000,0x00000000d7b00000,0x00000000d8000000)
 ParOldGen       total 49664K, used 9645K [0x0000000080000000, 0x0000000083080000, 0x00000000d5580000)
  object space 49664K, 19% used [0x0000000080000000,0x000000008096b508,0x0000000083080000)
 Metaspace       used 20567K, capacity 21230K, committed 21296K, reserved 1067008K
  class space    used 2888K, capacity 3097K, committed 3120K, reserved 1048576K
}
Event: 10.770 GC heap before
{Heap before GC invocations=9 (full 1):
 PSYoungGen      total 38400K, used 33280K [0x00000000d5580000, 0x00000000d8000000, 0x0000000100000000)
  eden space 33280K, 100% used [0x00000000d5580000,0x00000000d7600000,0x00000000d7600000)
  from space 5120K, 0% used [0x00000000d7600000,0x00000000d7600000,0x00000000d7b00000)
  to   space 5120K, 0% used [0x00000000d7b00000,0x00000000d7b00000,0x00000000d8000000)
 ParOldGen       total 49664K, used 9645K [0x0000000080000000, 0x0000000083080000, 0x00000000d5580000)
  object space 49664K, 19% used [0x0000000080000000,0x000000008096b508,0x0000000083080000)
 Metaspace       used 22453K, capacity 23222K, committed 23472K, reserved 1069056K
  class space    used 3181K, capacity 3419K, committed 3504K, reserved 1048576K
Event: 10.773 GC heap after
Heap after GC invocations=9 (full 1):
 PSYoungGen      total 32256K, used 2792K [0x00000000d5580000, 0x00000000daa80000, 0x0000000100000000)
  eden space 27136K, 0% used [0x00000000d5580000,0x00000000d5580000,0x00000000d7000000)
  from space 5120K, 54% used [0x00000000d7b00000,0x00000000d7dba3c8,0x00000000d8000000)
  to   space 11264K, 0% used [0x00000000d7000000,0x00000000d7000000,0x00000000d7b00000)
 ParOldGen       total 49664K, used 9653K [0x0000000080000000, 0x0000000083080000, 0x00000000d5580000)
  object space 49664K, 19% used [0x0000000080000000,0x000000008096d508,0x0000000083080000)
 Metaspace       used 22453K, capacity 23222K, committed 23472K, reserved 1069056K
  class space    used 3181K, capacity 3419K, committed 3504K, reserved 1048576K
}
Event: 11.454 GC heap before
{Heap before GC invocations=10 (full 1):
 PSYoungGen      total 32256K, used 29928K [0x00000000d5580000, 0x00000000daa80000, 0x0000000100000000)
  eden space 27136K, 100% used [0x00000000d5580000,0x00000000d7000000,0x00000000d7000000)
  from space 5120K, 54% used [0x00000000d7b00000,0x00000000d7dba3c8,0x00000000d8000000)
  to   space 11264K, 0% used [0x00000000d7000000,0x00000000d7000000,0x00000000d7b00000)
 ParOldGen       total 49664K, used 9653K [0x0000000080000000, 0x0000000083080000, 0x00000000d5580000)
  object space 49664K, 19% used [0x0000000080000000,0x000000008096d508,0x0000000083080000)
 Metaspace       used 27603K, capacity 28304K, committed 28720K, reserved 1073152K
  class space    used 3811K, capacity 4043K, committed 4144K, reserved 1048576K
Event: 11.465 GC heap after
Heap after GC invocations=10 (full 1):
 PSYoungGen      total 38400K, used 5294K [0x00000000d5580000, 0x00000000d9400000, 0x0000000100000000)
  eden space 27136K, 0% used [0x00000000d5580000,0x00000000d5580000,0x00000000d7000000)
  from space 11264K, 47% used [0x00000000d7000000,0x00000000d752ba08,0x00000000d7b00000)
  to   space 10752K, 0% used [0x00000000d8980000,0x00000000d8980000,0x00000000d9400000)
 ParOldGen       total 49664K, used 9661K [0x0000000080000000, 0x0000000083080000, 0x00000000d5580000)
  object space 49664K, 19% used [0x0000000080000000,0x000000008096f508,0x0000000083080000)
 Metaspace       used 27603K, capacity 28304K, committed 28720K, reserved 1073152K
  class space    used 3811K, capacity 4043K, committed 4144K, reserved 1048576K
}
Event: 12.326 GC heap before
{Heap before GC invocations=11 (full 1):
 PSYoungGen      total 38400K, used 32430K [0x00000000d5580000, 0x00000000d9400000, 0x0000000100000000)
  eden space 27136K, 100% used [0x00000000d5580000,0x00000000d7000000,0x00000000d7000000)
  from space 11264K, 47% used [0x00000000d7000000,0x00000000d752ba08,0x00000000d7b00000)
  to   space 10752K, 0% used [0x00000000d8980000,0x00000000d8980000,0x00000000d9400000)
 ParOldGen       total 49664K, used 9661K [0x0000000080000000, 0x0000000083080000, 0x00000000d5580000)
  object space 49664K, 19% used [0x0000000080000000,0x000000008096f508,0x0000000083080000)
 Metaspace       used 30214K, capacity 31026K, committed 31280K, reserved 1077248K
  class space    used 4056K, capacity 4308K, committed 4400K, reserved 1048576K
Event: 12.341 GC heap after
Heap after GC invocations=11 (full 1):
 PSYoungGen      total 52224K, used 4802K [0x00000000d5580000, 0x00000000d9380000, 0x0000000100000000)
  eden space 41984K, 0% used [0x00000000d5580000,0x00000000d5580000,0x00000000d7e80000)
  from space 10240K, 46% used [0x00000000d8980000,0x00000000d8e30ba8,0x00000000d9380000)
  to   space 10752K, 0% used [0x00000000d7e80000,0x00000000d7e80000,0x00000000d8900000)
 ParOldGen       total 49664K, used 10337K [0x0000000080000000, 0x0000000083080000, 0x00000000d5580000)
  object space 49664K, 20% used [0x0000000080000000,0x0000000080a184c8,0x0000000083080000)
 Metaspace       used 30214K, capacity 31026K, committed 31280K, reserved 1077248K
  class space    used 4056K, capacity 4308K, committed 4400K, reserved 1048576K
}
Event: 13.036 GC heap before
{Heap before GC invocations=12 (full 1):
 PSYoungGen      total 52224K, used 46786K [0x00000000d5580000, 0x00000000d9380000, 0x0000000100000000)
  eden space 41984K, 100% used [0x00000000d5580000,0x00000000d7e80000,0x00000000d7e80000)
  from space 10240K, 46% used [0x00000000d8980000,0x00000000d8e30ba8,0x00000000d9380000)
  to   space 10752K, 0% used [0x00000000d7e80000,0x00000000d7e80000,0x00000000d8900000)
 ParOldGen       total 49664K, used 10337K [0x0000000080000000, 0x0000000083080000, 0x00000000d5580000)
  object space 49664K, 20% used [0x0000000080000000,0x0000000080a184c8,0x0000000083080000)
 Metaspace       used 32121K, capacity 33016K, committed 33072K, reserved 1077248K
  class space    used 4357K, capacity 4630K, committed 4656K, reserved 1048576K
Event: 13.044 GC heap after
Heap after GC invocations=12 (full 1):
 PSYoungGen      total 52736K, used 3497K [0x00000000d5580000, 0x00000000d9380000, 0x0000000100000000)
  eden space 41984K, 0% used [0x00000000d5580000,0x00000000d5580000,0x00000000d7e80000)
  from space 10752K, 32% used [0x00000000d7e80000,0x00000000d81ea518,0x00000000d8900000)
  to   space 10240K, 0% used [0x00000000d8980000,0x00000000d8980000,0x00000000d9380000)
 ParOldGen       total 49664K, used 13585K [0x0000000080000000, 0x0000000083080000, 0x00000000d5580000)
  object space 49664K, 27% used [0x0000000080000000,0x0000000080d444e8,0x0000000083080000)
 Metaspace       used 32121K, capacity 33016K, committed 33072K, reserved 1077248K
  class space    used 4357K, capacity 4630K, committed 4656K, reserved 1048576K
}

